<?xml version="1.0" encoding="UTF-8"?>
<!-- Generated by org.testng.reporters.JUnitReportReporter -->
<testsuite hostname="DEll-PC" failures="0" tests="1" name="com.googel_tastCase.Lang_001" time="7.280" errors="0" timestamp="2022-02-22T13:35:37 IST" skipped="0">
  <testcase classname="com.googel_tastCase.Lang_001" name="changeLang" time="7.280"/>
  <system-out/>
</testsuite> <!-- com.googel_tastCase.Lang_001 -->
