<?xml version="1.0" encoding="UTF-8"?>
<!-- Generated by org.testng.reporters.JUnitReportReporter -->
<testsuite hostname="DEll-PC" failures="0" tests="1" name="com.googel_tastCase.SearchOp002" time="15.790" errors="0" timestamp="2022-02-22T10:54:01 IST" skipped="0">
  <testcase classname="com.googel_tastCase.SearchOp002" name="search" time="15.790"/>
  <system-out/>
</testsuite> <!-- com.googel_tastCase.SearchOp002 -->
